<?xml version="1.0" encoding="UTF-8"?>
<testng-results skipped="0" failed="0" ignored="0" total="0" passed="0">
  <reporter-output>
  </reporter-output>
  <suite name="reporting.TestLogger" duration-ms="2" started-at="2019-06-19T00:07:08Z" finished-at="2019-06-19T00:07:08Z">
    <groups>
    </groups>
    <test name="Command line test" duration-ms="2" started-at="2019-06-19T00:07:08Z" finished-at="2019-06-19T00:07:08Z">
    </test> <!-- Command line test -->
  </suite> <!-- reporting.TestLogger -->
</testng-results>
